Copyright 1986-2022 Xilinx, Inc. All Rights Reserved.
-------------------------------------------------------------------------------------------------------------------------------------------
| Tool Version     : Vivado v.2022.2 (win64) Build 3671981 Fri Oct 14 05:00:03 MDT 2022
| Date             : Thu Apr 20 14:40:36 2023
| Host             : Will_Surface running 64-bit major release  (build 9200)
| Command          : report_power -file Wrapper_power_routed.rpt -pb Wrapper_power_summary_routed.pb -rpx Wrapper_power_routed.rpx
| Design           : Wrapper
| Device           : xc7a100tcsg324-1
| Design State     : routed
| Grade            : commercial
| Process          : typical
| Characterization : Production
-------------------------------------------------------------------------------------------------------------------------------------------

Power Report

Table of Contents
-----------------
1. Summary
1.1 On-Chip Components
1.2 Power Supply Summary
1.3 Confidence Level
2. Settings
2.1 Environment
2.2 Clock Constraints
3. Detailed Reports
3.1 By Hierarchy

1. Summary
----------

+--------------------------+----------------------------------+
| Total On-Chip Power (W)  | 47.212 (Junction temp exceeded!) |
| Design Power Budget (W)  | Unspecified*                     |
| Power Budget Margin (W)  | NA                               |
| Dynamic (W)              | 46.413                           |
| Device Static (W)        | 0.799                            |
| Effective TJA (C/W)      | 4.6                              |
| Max Ambient (C)          | 0.0                              |
| Junction Temperature (C) | 125.0                            |
| Confidence Level         | Low                              |
| Setting File             | ---                              |
| Simulation Activity File | ---                              |
| Design Nets Matched      | NA                               |
+--------------------------+----------------------------------+
* Specify Design Power Budget using, set_operating_conditions -design_power_budget <value in Watts>


1.1 On-Chip Components
----------------------

+----------------+-----------+----------+-----------+-----------------+
| On-Chip        | Power (W) | Used     | Available | Utilization (%) |
+----------------+-----------+----------+-----------+-----------------+
| Slice Logic    |    22.371 |     7313 |       --- |             --- |
|   LUT as Logic |    21.821 |     4612 |     63400 |            7.27 |
|   Register     |     0.323 |     1575 |    126800 |            1.24 |
|   CARRY4       |     0.171 |       49 |     15850 |            0.31 |
|   F7/F8 Muxes  |     0.045 |       17 |     63400 |            0.03 |
|   BUFG         |     0.012 |        2 |        32 |            6.25 |
|   Others       |     0.000 |      353 |       --- |             --- |
| Signals        |    22.607 |     6597 |       --- |             --- |
| Block RAM      |     0.376 |        3 |       135 |            2.22 |
| DSPs           |     1.051 |        1 |       240 |            0.42 |
| I/O            |     0.008 |       29 |       210 |           13.81 |
| Static Power   |     0.799 |          |           |                 |
| Total          |    47.212 |          |           |                 |
+----------------+-----------+----------+-----------+-----------------+


1.2 Power Supply Summary
------------------------

+-----------+-------------+-----------+-------------+------------+-------------+-------------+------------+
| Source    | Voltage (V) | Total (A) | Dynamic (A) | Static (A) | Powerup (A) | Budget (A)  | Margin (A) |
+-----------+-------------+-----------+-------------+------------+-------------+-------------+------------+
| Vccint    |       1.000 |    46.946 |      46.382 |      0.563 |       NA    | Unspecified | NA         |
| Vccaux    |       1.800 |     0.093 |       0.000 |      0.093 |       NA    | Unspecified | NA         |
| Vcco33    |       3.300 |     0.004 |       0.000 |      0.004 |       NA    | Unspecified | NA         |
| Vcco25    |       2.500 |     0.000 |       0.000 |      0.000 |       NA    | Unspecified | NA         |
| Vcco18    |       1.800 |     0.000 |       0.000 |      0.000 |       NA    | Unspecified | NA         |
| Vcco15    |       1.500 |     0.000 |       0.000 |      0.000 |       NA    | Unspecified | NA         |
| Vcco135   |       1.350 |     0.000 |       0.000 |      0.000 |       NA    | Unspecified | NA         |
| Vcco12    |       1.200 |     0.000 |       0.000 |      0.000 |       NA    | Unspecified | NA         |
| Vccaux_io |       1.800 |     0.000 |       0.000 |      0.000 |       NA    | Unspecified | NA         |
| Vccbram   |       1.000 |     0.049 |       0.031 |      0.019 |       NA    | Unspecified | NA         |
| MGTAVcc   |       1.000 |     0.000 |       0.000 |      0.000 |       NA    | Unspecified | NA         |
| MGTAVtt   |       1.200 |     0.000 |       0.000 |      0.000 |       NA    | Unspecified | NA         |
| Vccadc    |       1.800 |     0.020 |       0.000 |      0.020 |       NA    | Unspecified | NA         |
+-----------+-------------+-----------+-------------+------------+-------------+-------------+------------+


1.3 Confidence Level
--------------------

+-----------------------------+------------+--------------------------------------------------------+--------------------------------------------------------------------------------------------------------------------+
| User Input Data             | Confidence | Details                                                | Action                                                                                                             |
+-----------------------------+------------+--------------------------------------------------------+--------------------------------------------------------------------------------------------------------------------+
| Design implementation state | High       | Design is routed                                       |                                                                                                                    |
| Clock nodes activity        | Low        | User specified less than 75% of clocks                 | Provide missing clock activity with a constraint file, simulation results or by editing the "By Clock Domain" view |
| I/O nodes activity          | Low        | More than 75% of inputs are missing user specification | Provide missing input activity with simulation results or by editing the "By Resource Type -> I/Os" view           |
| Internal nodes activity     | Medium     | User specified less than 25% of internal nodes         | Provide missing internal nodes activity with simulation results or by editing the "By Resource Type" views         |
| Device models               | High       | Device models are Production                           |                                                                                                                    |
|                             |            |                                                        |                                                                                                                    |
| Overall confidence level    | Low        |                                                        |                                                                                                                    |
+-----------------------------+------------+--------------------------------------------------------+--------------------------------------------------------------------------------------------------------------------+


2. Settings
-----------

2.1 Environment
---------------

+-----------------------+--------------------------+
| Ambient Temp (C)      | 25.0                     |
| ThetaJA (C/W)         | 4.6                      |
| Airflow (LFM)         | 250                      |
| Heat Sink             | medium (Medium Profile)  |
| ThetaSA (C/W)         | 4.6                      |
| Board Selection       | medium (10"x10")         |
| # of Board Layers     | 12to15 (12 to 15 Layers) |
| Board Temperature (C) | 25.0                     |
+-----------------------+--------------------------+


2.2 Clock Constraints
---------------------

+-------+--------+-----------------+
| Clock | Domain | Constraint (ns) |
+-------+--------+-----------------+


3. Detailed Reports
-------------------

3.1 By Hierarchy
----------------

+-----------------------+-----------+
| Name                  | Power (W) |
+-----------------------+-----------+
| Wrapper               |    46.413 |
|   CPU                 |    37.337 |
|     ALU               |     2.772 |
|       adder           |     0.389 |
|       mux             |     1.403 |
|       subtracter      |     0.981 |
|     CONTROL           |     1.077 |
|       subtracter      |     1.077 |
|     DX                |     8.662 |
|       A__0            |     0.093 |
|       B               |     0.067 |
|       IR              |     7.544 |
|       PC              |     0.958 |
|     FD                |     7.486 |
|       IR              |     7.344 |
|       PC              |     0.142 |
|     MW                |     4.065 |
|       A               |     3.021 |
|       IR              |     1.044 |
|     MultDivider       |     7.760 |
|       dff             |     0.002 |
|       div             |     4.030 |
|       wal             |     3.727 |
|     PC                |     0.826 |
|       loop1[0].a_dff  |     0.142 |
|       loop1[10].a_dff |     0.041 |
|       loop1[11].a_dff |     0.028 |
|       loop1[12].a_dff |     0.010 |
|       loop1[13].a_dff |     0.009 |
|       loop1[14].a_dff |     0.010 |
|       loop1[15].a_dff |     0.007 |
|       loop1[16].a_dff |     0.008 |
|       loop1[17].a_dff |     0.037 |
|       loop1[18].a_dff |     0.036 |
|       loop1[19].a_dff |     0.026 |
|       loop1[1].a_dff  |     0.062 |
|       loop1[20].a_dff |     0.011 |
|       loop1[21].a_dff |     0.010 |
|       loop1[22].a_dff |     0.005 |
|       loop1[23].a_dff |     0.006 |
|       loop1[24].a_dff |     0.006 |
|       loop1[25].a_dff |     0.019 |
|       loop1[26].a_dff |     0.032 |
|       loop1[27].a_dff |     0.014 |
|       loop1[28].a_dff |     0.010 |
|       loop1[29].a_dff |     0.013 |
|       loop1[2].a_dff  |     0.068 |
|       loop1[30].a_dff |     0.005 |
|       loop1[31].a_dff |     0.002 |
|       loop1[3].a_dff  |     0.038 |
|       loop1[4].a_dff  |     0.024 |
|       loop1[5].a_dff  |     0.026 |
|       loop1[6].a_dff  |     0.025 |
|       loop1[7].a_dff  |     0.013 |
|       loop1[8].a_dff  |     0.018 |
|       loop1[9].a_dff  |     0.066 |
|     TCL               |     0.344 |
|       tff1            |     0.046 |
|       tff10           |     0.014 |
|       tff11           |     0.009 |
|       tff12           |     0.008 |
|       tff13           |     0.007 |
|       tff14           |     0.008 |
|       tff15           |     0.010 |
|       tff16           |     0.007 |
|       tff17           |     0.007 |
|       tff18           |     0.004 |
|       tff19           |     0.004 |
|       tff2            |     0.038 |
|       tff20           |     0.005 |
|       tff21           |     0.004 |
|       tff22           |     0.003 |
|       tff23           |     0.004 |
|       tff24           |     0.005 |
|       tff25           |     0.006 |
|       tff26           |     0.004 |
|       tff27           |     0.004 |
|       tff28           |     0.004 |
|       tff29           |     0.005 |
|       tff3            |     0.023 |
|       tff30           |     0.004 |
|       tff31           |     0.004 |
|       tff32           |     0.003 |
|       tff4            |     0.030 |
|       tff5            |     0.030 |
|       tff6            |     0.014 |
|       tff7            |     0.009 |
|       tff8            |     0.012 |
|       tff9            |     0.009 |
|     TCLW              |     0.362 |
|       tff1            |     0.047 |
|       tff10           |     0.018 |
|       tff12           |     0.015 |
|       tff14           |     0.018 |
|       tff16           |     0.019 |
|       tff18           |     0.011 |
|       tff2            |     0.032 |
|       tff20           |     0.018 |
|       tff22           |     0.017 |
|       tff24           |     0.019 |
|       tff26           |     0.017 |
|       tff28           |     0.018 |
|       tff3            |     0.015 |
|       tff30           |     0.017 |
|       tff32           |     0.023 |
|       tff4            |     0.014 |
|       tff5            |     0.021 |
|       tff6            |     0.017 |
|       tff7            |     0.001 |
|     XM                |     2.793 |
|       A               |     2.689 |
|       IR              |     0.104 |
|     motor_dff         |     0.025 |
|   InstMem             |     0.733 |
|   RegisterFile        |     8.079 |
|     reg1              |     0.223 |
|       loop1[0].a_dff  |     0.010 |
|       loop1[10].a_dff |     0.005 |
|       loop1[11].a_dff |     0.007 |
|       loop1[12].a_dff |     0.007 |
|       loop1[13].a_dff |     0.008 |
|       loop1[14].a_dff |     0.007 |
|       loop1[15].a_dff |     0.006 |
|       loop1[16].a_dff |     0.006 |
|       loop1[17].a_dff |     0.007 |
|       loop1[18].a_dff |     0.006 |
|       loop1[19].a_dff |     0.006 |
|       loop1[1].a_dff  |     0.010 |
|       loop1[20].a_dff |     0.005 |
|       loop1[21].a_dff |     0.007 |
|       loop1[22].a_dff |     0.007 |
|       loop1[23].a_dff |     0.009 |
|       loop1[24].a_dff |     0.009 |
|       loop1[25].a_dff |     0.006 |
|       loop1[26].a_dff |     0.007 |
|       loop1[27].a_dff |     0.008 |
|       loop1[28].a_dff |     0.007 |
|       loop1[29].a_dff |     0.008 |
|       loop1[2].a_dff  |     0.006 |
|       loop1[30].a_dff |     0.005 |
|       loop1[31].a_dff |     0.008 |
|       loop1[3].a_dff  |     0.008 |
|       loop1[4].a_dff  |     0.006 |
|       loop1[5].a_dff  |     0.007 |
|       loop1[6].a_dff  |     0.006 |
|       loop1[7].a_dff  |     0.006 |
|       loop1[8].a_dff  |     0.007 |
|       loop1[9].a_dff  |     0.007 |
|     reg10             |     0.084 |
|       loop1[0].a_dff  |     0.004 |
|       loop1[10].a_dff |     0.003 |
|       loop1[11].a_dff |     0.003 |
|       loop1[12].a_dff |     0.003 |
|       loop1[13].a_dff |     0.002 |
|       loop1[14].a_dff |     0.003 |
|       loop1[15].a_dff |     0.003 |
|       loop1[16].a_dff |     0.003 |
|       loop1[17].a_dff |     0.003 |
|       loop1[18].a_dff |     0.003 |
|       loop1[19].a_dff |     0.002 |
|       loop1[1].a_dff  |     0.003 |
|       loop1[20].a_dff |     0.003 |
|       loop1[21].a_dff |     0.002 |
|       loop1[22].a_dff |     0.003 |
|       loop1[23].a_dff |     0.002 |
|       loop1[24].a_dff |     0.002 |
|       loop1[25].a_dff |     0.003 |
|       loop1[26].a_dff |     0.002 |
|       loop1[27].a_dff |     0.002 |
|       loop1[28].a_dff |     0.002 |
|       loop1[29].a_dff |     0.002 |
|       loop1[2].a_dff  |     0.003 |
|       loop1[30].a_dff |     0.002 |
|       loop1[31].a_dff |     0.002 |
|       loop1[3].a_dff  |     0.002 |
|       loop1[4].a_dff  |     0.003 |
|       loop1[5].a_dff  |     0.004 |
|       loop1[6].a_dff  |     0.003 |
|       loop1[7].a_dff  |     0.003 |
|       loop1[8].a_dff  |     0.002 |
|       loop1[9].a_dff  |     0.003 |
|     reg11             |     0.001 |
|     reg12             |     0.001 |
|     reg13             |     0.076 |
|       loop1[0].a_dff  |     0.003 |
|       loop1[10].a_dff |     0.002 |
|       loop1[11].a_dff |     0.003 |
|       loop1[12].a_dff |     0.002 |
|       loop1[13].a_dff |     0.003 |
|       loop1[14].a_dff |     0.002 |
|       loop1[15].a_dff |     0.002 |
|       loop1[16].a_dff |     0.002 |
|       loop1[17].a_dff |     0.002 |
|       loop1[18].a_dff |     0.003 |
|       loop1[19].a_dff |     0.003 |
|       loop1[1].a_dff  |     0.004 |
|       loop1[20].a_dff |     0.002 |
|       loop1[21].a_dff |     0.002 |
|       loop1[22].a_dff |     0.002 |
|       loop1[23].a_dff |     0.003 |
|       loop1[24].a_dff |     0.002 |
|       loop1[25].a_dff |     0.002 |
|       loop1[26].a_dff |     0.002 |
|       loop1[27].a_dff |     0.003 |
|       loop1[28].a_dff |     0.003 |
|       loop1[29].a_dff |     0.002 |
|       loop1[2].a_dff  |     0.002 |
|       loop1[30].a_dff |     0.002 |
|       loop1[31].a_dff |     0.003 |
|       loop1[3].a_dff  |     0.003 |
|       loop1[4].a_dff  |     0.002 |
|       loop1[5].a_dff  |     0.002 |
|       loop1[6].a_dff  |     0.002 |
|       loop1[7].a_dff  |     0.003 |
|       loop1[8].a_dff  |     0.001 |
|       loop1[9].a_dff  |     0.002 |
|     reg16             |     0.202 |
|       loop1[0].a_dff  |     0.010 |
|       loop1[10].a_dff |     0.006 |
|       loop1[11].a_dff |     0.006 |
|       loop1[12].a_dff |     0.007 |
|       loop1[13].a_dff |     0.005 |
|       loop1[14].a_dff |     0.008 |
|       loop1[15].a_dff |     0.006 |
|       loop1[16].a_dff |     0.006 |
|       loop1[17].a_dff |     0.006 |
|       loop1[18].a_dff |     0.007 |
|       loop1[19].a_dff |     0.004 |
|       loop1[1].a_dff  |     0.006 |
|       loop1[20].a_dff |     0.007 |
|       loop1[21].a_dff |     0.006 |
|       loop1[22].a_dff |     0.006 |
|       loop1[23].a_dff |     0.006 |
|       loop1[24].a_dff |     0.005 |
|       loop1[25].a_dff |     0.006 |
|       loop1[26].a_dff |     0.005 |
|       loop1[27].a_dff |     0.008 |
|       loop1[28].a_dff |     0.006 |
|       loop1[29].a_dff |     0.007 |
|       loop1[2].a_dff  |     0.008 |
|       loop1[30].a_dff |     0.005 |
|       loop1[31].a_dff |     0.006 |
|       loop1[3].a_dff  |     0.007 |
|       loop1[4].a_dff  |     0.008 |
|       loop1[5].a_dff  |     0.005 |
|       loop1[6].a_dff  |     0.005 |
|       loop1[7].a_dff  |     0.007 |
|       loop1[8].a_dff  |     0.006 |
|       loop1[9].a_dff  |     0.008 |
|     reg17             |     0.002 |
|     reg18             |     0.003 |
|     reg19             |     0.096 |
|       loop1[0].a_dff  |     0.004 |
|       loop1[10].a_dff |     0.003 |
|       loop1[11].a_dff |     0.003 |
|       loop1[12].a_dff |     0.002 |
|       loop1[13].a_dff |     0.003 |
|       loop1[14].a_dff |     0.002 |
|       loop1[15].a_dff |     0.003 |
|       loop1[16].a_dff |     0.004 |
|       loop1[17].a_dff |     0.003 |
|       loop1[18].a_dff |     0.002 |
|       loop1[19].a_dff |     0.002 |
|       loop1[1].a_dff  |     0.003 |
|       loop1[20].a_dff |     0.003 |
|       loop1[21].a_dff |     0.003 |
|       loop1[22].a_dff |     0.003 |
|       loop1[23].a_dff |     0.004 |
|       loop1[24].a_dff |     0.003 |
|       loop1[25].a_dff |     0.003 |
|       loop1[26].a_dff |     0.004 |
|       loop1[27].a_dff |     0.003 |
|       loop1[28].a_dff |     0.003 |
|       loop1[29].a_dff |     0.003 |
|       loop1[2].a_dff  |     0.002 |
|       loop1[30].a_dff |     0.004 |
|       loop1[31].a_dff |     0.003 |
|       loop1[3].a_dff  |     0.002 |
|       loop1[4].a_dff  |     0.003 |
|       loop1[5].a_dff  |     0.002 |
|       loop1[6].a_dff  |     0.003 |
|       loop1[7].a_dff  |     0.003 |
|       loop1[8].a_dff  |     0.003 |
|       loop1[9].a_dff  |     0.003 |
|     reg2              |     0.007 |
|     reg22             |     0.163 |
|       loop1[0].a_dff  |     0.005 |
|       loop1[10].a_dff |     0.008 |
|       loop1[11].a_dff |     0.006 |
|       loop1[12].a_dff |     0.004 |
|       loop1[13].a_dff |     0.005 |
|       loop1[14].a_dff |     0.006 |
|       loop1[15].a_dff |     0.006 |
|       loop1[16].a_dff |     0.003 |
|       loop1[17].a_dff |     0.004 |
|       loop1[18].a_dff |     0.003 |
|       loop1[19].a_dff |     0.003 |
|       loop1[1].a_dff  |     0.007 |
|       loop1[20].a_dff |     0.004 |
|       loop1[21].a_dff |     0.005 |
|       loop1[22].a_dff |     0.005 |
|       loop1[23].a_dff |     0.005 |
|       loop1[24].a_dff |     0.005 |
|       loop1[25].a_dff |     0.005 |
|       loop1[26].a_dff |     0.007 |
|       loop1[27].a_dff |     0.007 |
|       loop1[28].a_dff |     0.004 |
|       loop1[29].a_dff |     0.005 |
|       loop1[2].a_dff  |     0.006 |
|       loop1[30].a_dff |     0.006 |
|       loop1[31].a_dff |     0.006 |
|       loop1[3].a_dff  |     0.005 |
|       loop1[4].a_dff  |     0.004 |
|       loop1[5].a_dff  |     0.005 |
|       loop1[6].a_dff  |     0.004 |
|       loop1[7].a_dff  |     0.004 |
|       loop1[8].a_dff  |     0.005 |
|       loop1[9].a_dff  |     0.004 |
|     reg23             |     0.001 |
|     reg24             |     0.002 |
|     reg25             |     0.079 |
|       loop1[0].a_dff  |     0.003 |
|       loop1[10].a_dff |     0.003 |
|       loop1[11].a_dff |     0.002 |
|       loop1[12].a_dff |     0.002 |
|       loop1[13].a_dff |     0.002 |
|       loop1[14].a_dff |     0.002 |
|       loop1[15].a_dff |     0.002 |
|       loop1[16].a_dff |     0.002 |
|       loop1[17].a_dff |     0.003 |
|       loop1[18].a_dff |     0.003 |
|       loop1[19].a_dff |     0.002 |
|       loop1[1].a_dff  |     0.003 |
|       loop1[20].a_dff |     0.002 |
|       loop1[21].a_dff |     0.002 |
|       loop1[22].a_dff |     0.003 |
|       loop1[23].a_dff |     0.002 |
|       loop1[24].a_dff |     0.003 |
|       loop1[25].a_dff |     0.002 |
|       loop1[26].a_dff |     0.002 |
|       loop1[27].a_dff |     0.002 |
|       loop1[28].a_dff |     0.002 |
|       loop1[29].a_dff |     0.003 |
|       loop1[2].a_dff  |     0.004 |
|       loop1[30].a_dff |     0.003 |
|       loop1[31].a_dff |     0.003 |
|       loop1[3].a_dff  |     0.003 |
|       loop1[4].a_dff  |     0.002 |
|       loop1[5].a_dff  |     0.003 |
|       loop1[6].a_dff  |     0.002 |
|       loop1[7].a_dff  |     0.003 |
|       loop1[8].a_dff  |     0.002 |
|       loop1[9].a_dff  |     0.003 |
|     reg26             |     0.002 |
|     reg28             |     0.048 |
|       loop1[0].a_dff  |     0.002 |
|       loop1[10].a_dff |     0.002 |
|       loop1[12].a_dff |     0.001 |
|       loop1[14].a_dff |     0.002 |
|       loop1[15].a_dff |     0.001 |
|       loop1[16].a_dff |     0.002 |
|       loop1[17].a_dff |     0.002 |
|       loop1[18].a_dff |     0.001 |
|       loop1[19].a_dff |     0.001 |
|       loop1[1].a_dff  |     0.002 |
|       loop1[20].a_dff |     0.002 |
|       loop1[21].a_dff |     0.001 |
|       loop1[23].a_dff |     0.001 |
|       loop1[24].a_dff |     0.002 |
|       loop1[25].a_dff |     0.002 |
|       loop1[26].a_dff |     0.002 |
|       loop1[27].a_dff |     0.001 |
|       loop1[29].a_dff |     0.001 |
|       loop1[2].a_dff  |     0.001 |
|       loop1[30].a_dff |     0.002 |
|       loop1[31].a_dff |     0.002 |
|       loop1[3].a_dff  |     0.002 |
|       loop1[4].a_dff  |     0.002 |
|       loop1[5].a_dff  |     0.001 |
|       loop1[6].a_dff  |     0.002 |
|       loop1[7].a_dff  |     0.002 |
|       loop1[8].a_dff  |     0.002 |
|       loop1[9].a_dff  |     0.002 |
|     reg29             |     0.006 |
|       loop1[0].a_dff  |     0.006 |
|     reg3              |     0.004 |
|     reg31             |     0.543 |
|       loop1[0].a_dff  |     0.019 |
|       loop1[10].a_dff |     0.012 |
|       loop1[11].a_dff |     0.015 |
|       loop1[12].a_dff |     0.017 |
|       loop1[13].a_dff |     0.015 |
|       loop1[14].a_dff |     0.015 |
|       loop1[15].a_dff |     0.018 |
|       loop1[16].a_dff |     0.019 |
|       loop1[17].a_dff |     0.019 |
|       loop1[18].a_dff |     0.019 |
|       loop1[19].a_dff |     0.016 |
|       loop1[1].a_dff  |     0.023 |
|       loop1[20].a_dff |     0.013 |
|       loop1[21].a_dff |     0.016 |
|       loop1[22].a_dff |     0.017 |
|       loop1[23].a_dff |     0.017 |
|       loop1[24].a_dff |     0.018 |
|       loop1[25].a_dff |     0.016 |
|       loop1[26].a_dff |     0.015 |
|       loop1[27].a_dff |     0.019 |
|       loop1[28].a_dff |     0.018 |
|       loop1[29].a_dff |     0.020 |
|       loop1[2].a_dff  |     0.018 |
|       loop1[30].a_dff |     0.019 |
|       loop1[31].a_dff |     0.017 |
|       loop1[3].a_dff  |     0.020 |
|       loop1[4].a_dff  |     0.018 |
|       loop1[5].a_dff  |     0.013 |
|       loop1[6].a_dff  |     0.020 |
|       loop1[7].a_dff  |     0.015 |
|       loop1[8].a_dff  |     0.013 |
|       loop1[9].a_dff  |     0.013 |
|     reg4              |     3.365 |
|       loop1[0].a_dff  |     0.137 |
|       loop1[10].a_dff |     0.067 |
|       loop1[11].a_dff |     0.108 |
|       loop1[12].a_dff |     0.091 |
|       loop1[13].a_dff |     0.122 |
|       loop1[14].a_dff |     0.088 |
|       loop1[15].a_dff |     0.081 |
|       loop1[16].a_dff |     0.125 |
|       loop1[17].a_dff |     0.081 |
|       loop1[18].a_dff |     0.082 |
|       loop1[19].a_dff |     0.078 |
|       loop1[1].a_dff  |     0.133 |
|       loop1[20].a_dff |     0.195 |
|       loop1[21].a_dff |     0.084 |
|       loop1[22].a_dff |     0.144 |
|       loop1[23].a_dff |     0.160 |
|       loop1[24].a_dff |     0.077 |
|       loop1[25].a_dff |     0.068 |
|       loop1[26].a_dff |     0.068 |
|       loop1[27].a_dff |     0.068 |
|       loop1[28].a_dff |     0.166 |
|       loop1[29].a_dff |     0.070 |
|       loop1[2].a_dff  |     0.081 |
|       loop1[30].a_dff |     0.075 |
|       loop1[31].a_dff |     0.093 |
|       loop1[3].a_dff  |     0.087 |
|       loop1[4].a_dff  |     0.066 |
|       loop1[5].a_dff  |     0.143 |
|       loop1[6].a_dff  |     0.110 |
|       loop1[7].a_dff  |     0.266 |
|       loop1[8].a_dff  |     0.083 |
|       loop1[9].a_dff  |     0.066 |
|     reg5              |     0.002 |
|     reg6              |     0.003 |
|     reg7              |     0.225 |
|       loop1[0].a_dff  |     0.008 |
|       loop1[10].a_dff |     0.010 |
|       loop1[11].a_dff |     0.010 |
|       loop1[12].a_dff |     0.007 |
|       loop1[13].a_dff |     0.006 |
|       loop1[14].a_dff |     0.009 |
|       loop1[15].a_dff |     0.005 |
|       loop1[16].a_dff |     0.005 |
|       loop1[17].a_dff |     0.006 |
|       loop1[18].a_dff |     0.005 |
|       loop1[19].a_dff |     0.007 |
|       loop1[1].a_dff  |     0.007 |
|       loop1[20].a_dff |     0.007 |
|       loop1[21].a_dff |     0.006 |
|       loop1[22].a_dff |     0.005 |
|       loop1[23].a_dff |     0.007 |
|       loop1[24].a_dff |     0.008 |
|       loop1[25].a_dff |     0.008 |
|       loop1[26].a_dff |     0.008 |
|       loop1[27].a_dff |     0.005 |
|       loop1[28].a_dff |     0.007 |
|       loop1[29].a_dff |     0.006 |
|       loop1[2].a_dff  |     0.010 |
|       loop1[30].a_dff |     0.010 |
|       loop1[31].a_dff |     0.006 |
|       loop1[3].a_dff  |     0.006 |
|       loop1[4].a_dff  |     0.010 |
|       loop1[5].a_dff  |     0.005 |
|       loop1[6].a_dff  |     0.007 |
|       loop1[7].a_dff  |     0.006 |
|       loop1[8].a_dff  |     0.009 |
|       loop1[9].a_dff  |     0.005 |
|     reg8              |     0.003 |
|     reg9              |     0.002 |
+-----------------------+-----------+


